2024-11-11 20:27:09,645 [INFO] plex_playlist_creator.logger: Albums loaded from cache.
2024-11-11 20:27:09,645 [INFO] pyrate_limiter: Initializing default bucket(InMemoryBucket) with rates: [limit=10/10000]
2024-11-11 20:27:09,646 [INFO] plex_playlist_creator.logger: Calling RED API: https://redacted.ch/ajax.php?action=collage&id=11720&showonlygroups=true
2024-11-11 20:27:09,965 [INFO] plex_playlist_creator.logger: Retrieved collage data for collage_id 11720
2024-11-11 20:27:09,966 [INFO] plex_playlist_creator.logger: Calling RED API: https://redacted.ch/ajax.php?action=torrentgroup&id=793234
2024-11-11 20:27:10,288 [INFO] plex_playlist_creator.logger: Retrieved torrent group information for group_id 793234
2024-11-11 20:27:10,288 [INFO] plex_playlist_creator.logger: Extracted file paths: ['The Ambientist \u200e– 1 - 6 (2019) Vinyl [FLAC 24-96000]', 'The Ambientist - 1 – 6 (2017) - FLAC - Vinyl']
2024-11-11 20:27:10,291 [INFO] plex_playlist_creator.logger: Matched album folder name: The Ambientist - 1 – 6 (2017) - FLAC - Vinyl, returning rating key 503861...
2024-11-11 20:27:10,291 [INFO] plex_playlist_creator.logger: Calling RED API: https://redacted.ch/ajax.php?action=torrentgroup&id=824900
2024-11-11 20:27:10,574 [INFO] plex_playlist_creator.logger: Retrieved torrent group information for group_id 824900
2024-11-11 20:27:10,574 [INFO] plex_playlist_creator.logger: Extracted file paths: ['(2017) The Ambientist - 1 - 10 {Reality Used To Be A Friend Of Mine \u200e– TAMBT Tape #1} [Cassette FLAC]']
2024-11-11 20:27:10,577 [INFO] plex_playlist_creator.logger: Calling RED API: https://redacted.ch/ajax.php?action=torrentgroup&id=990585
2024-11-11 20:27:10,868 [INFO] plex_playlist_creator.logger: Retrieved torrent group information for group_id 990585
2024-11-11 20:27:10,868 [INFO] plex_playlist_creator.logger: Extracted file paths: ['Rising Sun Project - Poems On Healing A Broken Heart (2018)', 'Rising Sun Project - Poems On Healing A Broken Heart (Reality Used To Be A Friend Of Mine, 2018)', 'Rising Sun Project - Poems On Healing A Broken Heart - 2018 (Vinyl - MP3 - V0)']
2024-11-11 20:27:10,871 [INFO] plex_playlist_creator.logger: Matched album folder name: Rising Sun Project - Poems On Healing A Broken Heart (2018), returning rating key 503846...
2024-11-11 20:27:10,876 [INFO] plex_playlist_creator.logger: Calling RED API: https://redacted.ch/ajax.php?action=torrentgroup&id=998694
2024-11-11 20:27:11,252 [INFO] plex_playlist_creator.logger: Retrieved torrent group information for group_id 998694
2024-11-11 20:27:11,252 [INFO] plex_playlist_creator.logger: Extracted file paths: ['Rising Sun \u200e– Realism EP (2018) [WEB] [REALITY20182] [24bit]', 'Rising Sun \u200e– Realism EP (2018) [WEB] [REALITY20182]', 'Rising Sun \u200e– Realism EP (2018) [WEB] [REALITY20182] [320kbps]', 'Rising Sun \u200e– Realism EP (2018) [WEB] [REALITY20182] [V0]']
2024-11-11 20:27:11,264 [INFO] plex_playlist_creator.logger: Calling RED API: https://redacted.ch/ajax.php?action=torrentgroup&id=1032959
2024-11-11 20:27:11,550 [INFO] plex_playlist_creator.logger: Retrieved torrent group information for group_id 1032959
2024-11-11 20:27:11,550 [INFO] plex_playlist_creator.logger: Extracted file paths: ['Rising Sun - Realism II (2018) - Vinyl FLAC', 'Rising Sun - Realism II (2018) [V0]', '2018｜Rising Sun - Realism II｜Reality Used To Be A Friend Of Mine Reality 20183｜WEB 24 - 44.1', 'Rising Sun - Realism II [2018] (WEB - FLAC - Lossless)']
2024-11-11 20:27:11,565 [INFO] plex_playlist_creator.logger: Matched album folder name: Rising Sun - Realism II [2018] (WEB - FLAC - Lossless), returning rating key 503836...
2024-11-11 20:27:11,565 [INFO] plex_playlist_creator.logger: Calling RED API: https://redacted.ch/ajax.php?action=torrentgroup&id=1152106
2024-11-11 20:27:11,899 [INFO] plex_playlist_creator.logger: Retrieved torrent group information for group_id 1152106
2024-11-11 20:27:11,899 [INFO] plex_playlist_creator.logger: Extracted file paths: ['Rising Sun Psyche - Reality Used To Be A Friend Of Mine (2019) - Vinyl FLAC', 'Rising Sun Psyche - Reality Used To Be A Friend Of Mine (2020 FLAC)', 'Rising Sun Psyche - Reality Used To Be A Friend Of Mine (2020) [WEB-FLAC-16]', 'Rising Sun - Reality Used To Be A Friend Of Mine (2020) [WEB, MP3 320]']
2024-11-11 20:27:11,908 [INFO] plex_playlist_creator.logger: Matched album folder name: Rising Sun Psyche - Reality Used To Be A Friend Of Mine (2020) [WEB-FLAC-16], returning rating key 503822...
2024-11-11 20:27:11,912 [INFO] plex_playlist_creator.logger: Calling RED API: https://redacted.ch/ajax.php?action=torrentgroup&id=1205706
2024-11-11 20:27:12,527 [INFO] plex_playlist_creator.logger: Retrieved torrent group information for group_id 1205706
2024-11-11 20:27:12,527 [INFO] plex_playlist_creator.logger: Extracted file paths: ['The Ambientist \u200e– Remixes (2020) Vinyl [FLAC 24-96000]', 'The Ambientist - Remixes (2019) - Vinyl FLAC']
2024-11-11 20:27:12,530 [INFO] plex_playlist_creator.logger: Matched album folder name: The Ambientist - Remixes (2019) - Vinyl FLAC, returning rating key 503832...
2024-11-11 20:27:12,531 [INFO] plex_playlist_creator.logger: Calling RED API: https://redacted.ch/ajax.php?action=torrentgroup&id=1423073
2024-11-11 20:27:12,831 [INFO] plex_playlist_creator.logger: Retrieved torrent group information for group_id 1423073
2024-11-11 20:27:12,832 [INFO] plex_playlist_creator.logger: Extracted file paths: ['Various Artists - Reality 20201 (Part 1) (2020 FLAC)', 'VA - Reality 20201 (Part 1) (2020) [WEB-FLAC]', 'VA - Reality 20201 (Part 1) (2020) [WEB-V0]']
2024-11-11 20:27:12,840 [INFO] plex_playlist_creator.logger: Matched album folder name: VA - Reality 20201 (Part 1) (2020) [WEB-FLAC], returning rating key 503803...
2024-11-11 20:27:12,845 [INFO] plex_playlist_creator.logger: Fetching albums from Plex using rating keys: [503846, 503822, 503861, 503832, 503803, 503836]
2024-11-11 20:27:14,049 [INFO] plex_playlist_creator.logger: Creating playlist with name "Reality Used To Be A Friend Of Mine" and 6 albums.
2024-11-11 20:27:44,079 [ERROR] plex_playlist_creator.logger: Failed to create playlist for collage 11720: HTTPConnectionPool(host='localhost', port=32400): Read timed out. (read timeout=30)